[1,     5] loss: 0.997
[1,    10] loss: 0.995
[2,     5] loss: 0.989
[2,    10] loss: 0.989
[3,     5] loss: 0.983
[3,    10] loss: 0.982
[4,     5] loss: 0.974
[4,    10] loss: 0.970
[5,     5] loss: 0.957
[5,    10] loss: 0.946
[6,     5] loss: 0.922
[6,    10] loss: 0.894
[7,     5] loss: 0.846
[7,    10] loss: 0.788
[8,     5] loss: 0.723
[8,    10] loss: 0.671
[9,     5] loss: 0.723
[9,    10] loss: 0.707
[10,     5] loss: 0.607
[10,    10] loss: 0.549
[11,     5] loss: 0.515
[11,    10] loss: 0.492
[12,     5] loss: 0.474
[12,    10] loss: 0.450
[13,     5] loss: 0.415
[13,    10] loss: 0.397
[14,     5] loss: 0.378
[14,    10] loss: 0.354
[15,     5] loss: 0.324
[15,    10] loss: 0.330
[16,     5] loss: 0.284
[16,    10] loss: 0.270
[17,     5] loss: 0.299
[17,    10] loss: 0.236
[18,     5] loss: 0.222
[18,    10] loss: 0.258
[19,     5] loss: 0.212
[19,    10] loss: 0.190
[20,     5] loss: 0.220
[20,    10] loss: 0.206
[21,     5] loss: 0.166
[21,    10] loss: 0.170
[22,     5] loss: 0.208
[22,    10] loss: 0.147
[23,     5] loss: 0.143
[23,    10] loss: 0.190
[24,     5] loss: 0.144
[24,    10] loss: 0.125
[25,     5] loss: 0.135
[25,    10] loss: 0.173
[26,     5] loss: 0.117
[26,    10] loss: 0.110
[27,     5] loss: 0.131
[27,    10] loss: 0.149
[28,     5] loss: 0.105
[28,    10] loss: 0.099
[29,     5] loss: 0.120
[29,    10] loss: 0.137
[30,     5] loss: 0.096
[30,    10] loss: 0.091
[31,     5] loss: 0.103
[31,    10] loss: 0.131
[32,     5] loss: 0.091
[32,    10] loss: 0.084
[33,     5] loss: 0.090
[33,    10] loss: 0.123
[34,     5] loss: 0.091
[34,    10] loss: 0.079
[35,     5] loss: 0.080
[35,    10] loss: 0.101
[36,     5] loss: 0.106
[36,    10] loss: 0.076
[37,     5] loss: 0.075
[37,    10] loss: 0.080
[38,     5] loss: 0.110
[38,    10] loss: 0.079
[39,     5] loss: 0.071
[39,    10] loss: 0.069
[40,     5] loss: 0.083
[40,    10] loss: 0.101
[41,     5] loss: 0.071
[41,    10] loss: 0.066
[42,     5] loss: 0.068
[42,    10] loss: 0.083
[43,     5] loss: 0.088
[43,    10] loss: 0.066
[44,     5] loss: 0.064
[44,    10] loss: 0.067
[45,     5] loss: 0.086
[45,    10] loss: 0.074
[46,     5] loss: 0.062
[46,    10] loss: 0.060
[47,     5] loss: 0.068
[47,    10] loss: 0.082
[48,     5] loss: 0.066
[48,    10] loss: 0.058
[49,     5] loss: 0.060
[49,    10] loss: 0.069
[50,     5] loss: 0.076
[50,    10] loss: 0.061
[51,     5] loss: 0.058
[51,    10] loss: 0.058
[52,     5] loss: 0.068
[52,    10] loss: 0.070
[53,     5] loss: 0.059
[53,    10] loss: 0.055
[54,     5] loss: 0.059
[54,    10] loss: 0.066
[55,     5] loss: 0.064
[55,    10] loss: 0.056
[56,     5] loss: 0.055
[56,    10] loss: 0.057
[57,     5] loss: 0.063
[57,    10] loss: 0.060
[58,     5] loss: 0.056
[58,    10] loss: 0.054
[59,     5] loss: 0.056
[59,    10] loss: 0.058
[60,     5] loss: 0.058
[60,    10] loss: 0.055
[61,     5] loss: 0.054
[61,    10] loss: 0.054
[62,     5] loss: 0.056
[62,    10] loss: 0.055
[63,     5] loss: 0.054
[63,    10] loss: 0.053
[64,     5] loss: 0.054
[64,    10] loss: 0.053
[65,     5] loss: 0.053
[65,    10] loss: 0.052
[66,     5] loss: 0.053
[66,    10] loss: 0.052
[67,     5] loss: 0.052
[67,    10] loss: 0.051
[68,     5] loss: 0.052
[68,    10] loss: 0.051
[69,     5] loss: 0.051
[69,    10] loss: 0.050
[70,     5] loss: 0.050
[70,    10] loss: 0.050
[71,     5] loss: 0.050
[71,    10] loss: 0.050
[72,     5] loss: 0.050
[72,    10] loss: 0.049
[73,     5] loss: 0.049
[73,    10] loss: 0.048
[74,     5] loss: 0.049
[74,    10] loss: 0.048
[75,     5] loss: 0.049
[75,    10] loss: 0.048
[76,     5] loss: 0.048
[76,    10] loss: 0.047
[77,     5] loss: 0.048
[77,    10] loss: 0.047
[78,     5] loss: 0.047
[78,    10] loss: 0.047
[79,     5] loss: 0.047
[79,    10] loss: 0.046
[80,     5] loss: 0.046
[80,    10] loss: 0.046
[81,     5] loss: 0.046
[81,    10] loss: 0.046
[82,     5] loss: 0.046
[82,    10] loss: 0.045
[83,     5] loss: 0.045
[83,    10] loss: 0.045
[84,     5] loss: 0.045
[84,    10] loss: 0.045
[85,     5] loss: 0.045
[85,    10] loss: 0.045
[86,     5] loss: 0.045
[86,    10] loss: 0.044
[87,     5] loss: 0.044
[87,    10] loss: 0.044
[88,     5] loss: 0.044
[88,    10] loss: 0.043
[89,     5] loss: 0.044
[89,    10] loss: 0.043
[90,     5] loss: 0.044
[90,    10] loss: 0.043
[91,     5] loss: 0.043
[91,    10] loss: 0.043
[92,     5] loss: 0.043
[92,    10] loss: 0.043
[93,     5] loss: 0.043
[93,    10] loss: 0.042
[94,     5] loss: 0.043
[94,    10] loss: 0.042
[95,     5] loss: 0.042
[95,    10] loss: 0.042
[96,     5] loss: 0.042
[96,    10] loss: 0.042
[97,     5] loss: 0.042
[97,    10] loss: 0.041
[98,     5] loss: 0.042
[98,    10] loss: 0.041
[99,     5] loss: 0.041
[99,    10] loss: 0.041
[100,     5] loss: 0.041
[100,    10] loss: 0.041
[101,     5] loss: 0.041
[101,    10] loss: 0.041
[102,     5] loss: 0.041
[102,    10] loss: 0.041
[103,     5] loss: 0.041
[103,    10] loss: 0.040
[104,     5] loss: 0.040
[104,    10] loss: 0.040
[105,     5] loss: 0.040
[105,    10] loss: 0.040
[106,     5] loss: 0.040
[106,    10] loss: 0.040
[107,     5] loss: 0.040
[107,    10] loss: 0.040
[108,     5] loss: 0.040
[108,    10] loss: 0.039
[109,     5] loss: 0.040
[109,    10] loss: 0.039
[110,     5] loss: 0.039
[110,    10] loss: 0.039
[111,     5] loss: 0.039
[111,    10] loss: 0.039
[112,     5] loss: 0.039
[112,    10] loss: 0.039
[113,     5] loss: 0.039
[113,    10] loss: 0.039
[114,     5] loss: 0.039
[114,    10] loss: 0.039
[115,     5] loss: 0.039
[115,    10] loss: 0.038
[116,     5] loss: 0.038
[116,    10] loss: 0.038
[117,     5] loss: 0.038
[117,    10] loss: 0.038
[118,     5] loss: 0.038
[118,    10] loss: 0.038
[119,     5] loss: 0.038
[119,    10] loss: 0.038
[120,     5] loss: 0.038
[120,    10] loss: 0.038
[121,     5] loss: 0.038
[121,    10] loss: 0.038
[122,     5] loss: 0.038
[122,    10] loss: 0.037
[123,     5] loss: 0.038
[123,    10] loss: 0.037
[124,     5] loss: 0.037
[124,    10] loss: 0.037
[125,     5] loss: 0.037
[125,    10] loss: 0.037
[126,     5] loss: 0.037
[126,    10] loss: 0.037
[127,     5] loss: 0.037
[127,    10] loss: 0.037
[128,     5] loss: 0.037
[128,    10] loss: 0.037
[129,     5] loss: 0.037
[129,    10] loss: 0.037
[130,     5] loss: 0.037
[130,    10] loss: 0.036
[131,     5] loss: 0.037
[131,    10] loss: 0.036
[132,     5] loss: 0.037
[132,    10] loss: 0.036
[133,     5] loss: 0.036
[133,    10] loss: 0.036
[134,     5] loss: 0.036
[134,    10] loss: 0.036
[135,     5] loss: 0.036
[135,    10] loss: 0.036
[136,     5] loss: 0.036
[136,    10] loss: 0.036
[137,     5] loss: 0.036
[137,    10] loss: 0.036
[138,     5] loss: 0.036
[138,    10] loss: 0.036
[139,     5] loss: 0.036
[139,    10] loss: 0.036
[140,     5] loss: 0.036
[140,    10] loss: 0.035
[141,     5] loss: 0.036
[141,    10] loss: 0.035
[142,     5] loss: 0.035
[142,    10] loss: 0.035
[143,     5] loss: 0.035
[143,    10] loss: 0.035
[144,     5] loss: 0.035
[144,    10] loss: 0.035
[145,     5] loss: 0.035
[145,    10] loss: 0.035
[146,     5] loss: 0.035
[146,    10] loss: 0.035
[147,     5] loss: 0.035
[147,    10] loss: 0.035
[148,     5] loss: 0.035
[148,    10] loss: 0.035
[149,     5] loss: 0.035
[149,    10] loss: 0.034
[150,     5] loss: 0.035
[150,    10] loss: 0.035
[151,     5] loss: 0.035
[151,    10] loss: 0.034
[152,     5] loss: 0.035
[152,    10] loss: 0.034
[153,     5] loss: 0.034
[153,    10] loss: 0.034
[154,     5] loss: 0.034
[154,    10] loss: 0.034
[155,     5] loss: 0.034
[155,    10] loss: 0.034
[156,     5] loss: 0.034
[156,    10] loss: 0.034
[157,     5] loss: 0.034
[157,    10] loss: 0.034
[158,     5] loss: 0.034
[158,    10] loss: 0.034
[159,     5] loss: 0.034
[159,    10] loss: 0.034
[160,     5] loss: 0.034
[160,    10] loss: 0.034
[161,     5] loss: 0.034
[161,    10] loss: 0.034
[162,     5] loss: 0.034
[162,    10] loss: 0.034
[163,     5] loss: 0.034
[163,    10] loss: 0.034
[164,     5] loss: 0.034
[164,    10] loss: 0.033
[165,     5] loss: 0.033
[165,    10] loss: 0.033
[166,     5] loss: 0.033
[166,    10] loss: 0.033
[167,     5] loss: 0.033
[167,    10] loss: 0.033
[168,     5] loss: 0.033
[168,    10] loss: 0.033
[169,     5] loss: 0.033
[169,    10] loss: 0.033
[170,     5] loss: 0.033
[170,    10] loss: 0.033
[171,     5] loss: 0.033
[171,    10] loss: 0.033
[172,     5] loss: 0.033
[172,    10] loss: 0.033
[173,     5] loss: 0.033
[173,    10] loss: 0.033
[174,     5] loss: 0.033
[174,    10] loss: 0.033
[175,     5] loss: 0.033
[175,    10] loss: 0.033
[176,     5] loss: 0.033
[176,    10] loss: 0.033
[177,     5] loss: 0.033
[177,    10] loss: 0.033
[178,     5] loss: 0.033
[178,    10] loss: 0.032
[179,     5] loss: 0.033
[179,    10] loss: 0.033
[180,     5] loss: 0.033
[180,    10] loss: 0.033
[181,     5] loss: 0.033
[181,    10] loss: 0.032
[182,     5] loss: 0.032
[182,    10] loss: 0.032
[183,     5] loss: 0.032
[183,    10] loss: 0.032
[184,     5] loss: 0.032
[184,    10] loss: 0.032
[185,     5] loss: 0.032
[185,    10] loss: 0.032
[186,     5] loss: 0.032
[186,    10] loss: 0.032
[187,     5] loss: 0.032
[187,    10] loss: 0.032
[188,     5] loss: 0.032
[188,    10] loss: 0.032
[189,     5] loss: 0.032
[189,    10] loss: 0.032
[190,     5] loss: 0.032
[190,    10] loss: 0.032
[191,     5] loss: 0.032
[191,    10] loss: 0.032
[192,     5] loss: 0.032
[192,    10] loss: 0.032
[193,     5] loss: 0.032
[193,    10] loss: 0.032
[194,     5] loss: 0.032
[194,    10] loss: 0.032
[195,     5] loss: 0.032
[195,    10] loss: 0.032
[196,     5] loss: 0.032
[196,    10] loss: 0.032
[197,     5] loss: 0.032
[197,    10] loss: 0.032
[198,     5] loss: 0.032
[198,    10] loss: 0.031
[199,     5] loss: 0.031
[199,    10] loss: 0.031
[200,     5] loss: 0.031
[200,    10] loss: 0.031
[201,     5] loss: 0.032
[201,    10] loss: 0.031
[202,     5] loss: 0.032
[202,    10] loss: 0.031
[203,     5] loss: 0.031
[203,    10] loss: 0.031
[204,     5] loss: 0.031
[204,    10] loss: 0.031
[205,     5] loss: 0.031
[205,    10] loss: 0.031
[206,     5] loss: 0.031
[206,    10] loss: 0.031
[207,     5] loss: 0.031
[207,    10] loss: 0.031
[208,     5] loss: 0.031
[208,    10] loss: 0.031
[209,     5] loss: 0.031
[209,    10] loss: 0.031
[210,     5] loss: 0.031
[210,    10] loss: 0.031
[211,     5] loss: 0.031
[211,    10] loss: 0.031
[212,     5] loss: 0.031
[212,    10] loss: 0.031
[213,     5] loss: 0.031
[213,    10] loss: 0.031
[214,     5] loss: 0.031
[214,    10] loss: 0.031
[215,     5] loss: 0.031
[215,    10] loss: 0.031
[216,     5] loss: 0.031
[216,    10] loss: 0.031
[217,     5] loss: 0.031
[217,    10] loss: 0.031
[218,     5] loss: 0.031
[218,    10] loss: 0.031
[219,     5] loss: 0.031
[219,    10] loss: 0.031
[220,     5] loss: 0.031
[220,    10] loss: 0.031
[221,     5] loss: 0.031
[221,    10] loss: 0.030
[222,     5] loss: 0.030
[222,    10] loss: 0.030
[223,     5] loss: 0.031
[223,    10] loss: 0.031
[224,     5] loss: 0.031
[224,    10] loss: 0.031
[225,     5] loss: 0.031
[225,    10] loss: 0.031
[226,     5] loss: 0.031
[226,    10] loss: 0.030
[227,     5] loss: 0.030
[227,    10] loss: 0.030
[228,     5] loss: 0.030
[228,    10] loss: 0.030
[229,     5] loss: 0.030
[229,    10] loss: 0.030
[230,     5] loss: 0.030
[230,    10] loss: 0.030
[231,     5] loss: 0.031
[231,    10] loss: 0.030
[232,     5] loss: 0.030
[232,    10] loss: 0.030
[233,     5] loss: 0.030
[233,    10] loss: 0.030
[234,     5] loss: 0.030
[234,    10] loss: 0.030
[235,     5] loss: 0.030
[235,    10] loss: 0.030
[236,     5] loss: 0.030
[236,    10] loss: 0.030
[237,     5] loss: 0.030
[237,    10] loss: 0.030
[238,     5] loss: 0.030
[238,    10] loss: 0.030
[239,     5] loss: 0.030
[239,    10] loss: 0.030
[240,     5] loss: 0.030
[240,    10] loss: 0.030
[241,     5] loss: 0.030
[241,    10] loss: 0.030
[242,     5] loss: 0.030
[242,    10] loss: 0.030
[243,     5] loss: 0.030
[243,    10] loss: 0.030
[244,     5] loss: 0.030
[244,    10] loss: 0.030
[245,     5] loss: 0.030
[245,    10] loss: 0.030
[246,     5] loss: 0.030
[246,    10] loss: 0.030
[247,     5] loss: 0.030
[247,    10] loss: 0.030
[248,     5] loss: 0.030
[248,    10] loss: 0.029
[249,     5] loss: 0.030
[249,    10] loss: 0.030
[250,     5] loss: 0.030
[250,    10] loss: 0.030
[251,     5] loss: 0.030
[251,    10] loss: 0.030
[252,     5] loss: 0.030
[252,    10] loss: 0.030
[253,     5] loss: 0.030
[253,    10] loss: 0.029
[254,     5] loss: 0.029
[254,    10] loss: 0.029
[255,     5] loss: 0.030
[255,    10] loss: 0.030
[256,     5] loss: 0.030
[256,    10] loss: 0.029
[257,     5] loss: 0.029
[257,    10] loss: 0.029
[258,     5] loss: 0.029
[258,    10] loss: 0.029
[259,     5] loss: 0.029
[259,    10] loss: 0.029
[260,     5] loss: 0.030
[260,    10] loss: 0.030
[261,     5] loss: 0.030
[261,    10] loss: 0.030
[262,     5] loss: 0.030
[262,    10] loss: 0.029
[263,     5] loss: 0.029
[263,    10] loss: 0.029
[264,     5] loss: 0.029
[264,    10] loss: 0.029
[265,     5] loss: 0.029
[265,    10] loss: 0.029
[266,     5] loss: 0.029
[266,    10] loss: 0.029
[267,     5] loss: 0.030
[267,    10] loss: 0.030
[268,     5] loss: 0.030
[268,    10] loss: 0.029
[269,     5] loss: 0.029
[269,    10] loss: 0.029
[270,     5] loss: 0.029
[270,    10] loss: 0.029
[271,     5] loss: 0.029
[271,    10] loss: 0.029
[272,     5] loss: 0.029
[272,    10] loss: 0.029
[273,     5] loss: 0.030
[273,    10] loss: 0.029
[274,     5] loss: 0.029
[274,    10] loss: 0.029
[275,     5] loss: 0.029
[275,    10] loss: 0.028
[276,     5] loss: 0.029
[276,    10] loss: 0.028
[277,     5] loss: 0.029
[277,    10] loss: 0.029
[278,     5] loss: 0.029
[278,    10] loss: 0.029
[279,     5] loss: 0.029
[279,    10] loss: 0.029
[280,     5] loss: 0.029
[280,    10] loss: 0.029
[281,     5] loss: 0.029
[281,    10] loss: 0.028
[282,     5] loss: 0.029
[282,    10] loss: 0.029
[283,     5] loss: 0.029
[283,    10] loss: 0.029
[284,     5] loss: 0.029
[284,    10] loss: 0.029
[285,     5] loss: 0.029
[285,    10] loss: 0.029
[286,     5] loss: 0.029
[286,    10] loss: 0.028
[287,     5] loss: 0.028
[287,    10] loss: 0.028
[288,     5] loss: 0.029
[288,    10] loss: 0.029
[289,     5] loss: 0.029
[289,    10] loss: 0.029
[290,     5] loss: 0.029
[290,    10] loss: 0.029
[291,     5] loss: 0.029
[291,    10] loss: 0.028
[292,     5] loss: 0.028
[292,    10] loss: 0.028
[293,     5] loss: 0.028
[293,    10] loss: 0.028
[294,     5] loss: 0.029
[294,    10] loss: 0.029
[295,     5] loss: 0.029
[295,    10] loss: 0.029
[296,     5] loss: 0.029
[296,    10] loss: 0.028
[297,     5] loss: 0.028
[297,    10] loss: 0.028
[298,     5] loss: 0.028
[298,    10] loss: 0.028
[299,     5] loss: 0.028
[299,    10] loss: 0.028
[300,     5] loss: 0.029
[300,    10] loss: 0.029
[301,     5] loss: 0.029
[301,    10] loss: 0.029
[302,     5] loss: 0.029
[302,    10] loss: 0.028
[303,     5] loss: 0.028
[303,    10] loss: 0.028
[304,     5] loss: 0.028
[304,    10] loss: 0.028
[305,     5] loss: 0.028
[305,    10] loss: 0.028
[306,     5] loss: 0.029
[306,    10] loss: 0.029
[307,     5] loss: 0.029
[307,    10] loss: 0.029
[308,     5] loss: 0.029
[308,    10] loss: 0.028
[309,     5] loss: 0.028
[309,    10] loss: 0.028
[310,     5] loss: 0.028
[310,    10] loss: 0.027
[311,     5] loss: 0.028
[311,    10] loss: 0.028
[312,     5] loss: 0.029
[312,    10] loss: 0.029
[313,     5] loss: 0.029
[313,    10] loss: 0.029
[314,     5] loss: 0.028
[314,    10] loss: 0.028
[315,     5] loss: 0.028
[315,    10] loss: 0.027
[316,     5] loss: 0.027
[316,    10] loss: 0.027
[317,     5] loss: 0.028
[317,    10] loss: 0.028
[318,     5] loss: 0.029
[318,    10] loss: 0.029
[319,     5] loss: 0.029
[319,    10] loss: 0.028
[320,     5] loss: 0.028
[320,    10] loss: 0.028
[321,     5] loss: 0.028
[321,    10] loss: 0.027
[322,     5] loss: 0.027
[322,    10] loss: 0.027
[323,     5] loss: 0.028
[323,    10] loss: 0.028
[324,     5] loss: 0.029
[324,    10] loss: 0.029
[325,     5] loss: 0.029
[325,    10] loss: 0.028
[326,     5] loss: 0.028
[326,    10] loss: 0.027
[327,     5] loss: 0.027
[327,    10] loss: 0.027
[328,     5] loss: 0.028
[328,    10] loss: 0.028
[329,     5] loss: 0.028
[329,    10] loss: 0.028
[330,     5] loss: 0.029
[330,    10] loss: 0.028
[331,     5] loss: 0.028
[331,    10] loss: 0.028
[332,     5] loss: 0.028
[332,    10] loss: 0.027
[333,     5] loss: 0.027
[333,    10] loss: 0.027
[334,     5] loss: 0.028
[334,    10] loss: 0.028
[335,     5] loss: 0.028
[335,    10] loss: 0.028
[336,     5] loss: 0.029
[336,    10] loss: 0.028
[337,     5] loss: 0.028
[337,    10] loss: 0.028
[338,     5] loss: 0.027
[338,    10] loss: 0.027
[339,     5] loss: 0.027
[339,    10] loss: 0.027
[340,     5] loss: 0.028
[340,    10] loss: 0.028
[341,     5] loss: 0.028
[341,    10] loss: 0.028
[342,     5] loss: 0.028
[342,    10] loss: 0.028
[343,     5] loss: 0.028
[343,    10] loss: 0.027
[344,     5] loss: 0.027
[344,    10] loss: 0.027
[345,     5] loss: 0.027
[345,    10] loss: 0.027
[346,     5] loss: 0.028
[346,    10] loss: 0.028
[347,     5] loss: 0.028
[347,    10] loss: 0.028
[348,     5] loss: 0.028
[348,    10] loss: 0.028
[349,     5] loss: 0.028
[349,    10] loss: 0.027
[350,     5] loss: 0.027
[350,    10] loss: 0.027
[351,     5] loss: 0.027
[351,    10] loss: 0.027
[352,     5] loss: 0.028
[352,    10] loss: 0.028
[353,     5] loss: 0.028
[353,    10] loss: 0.028
[354,     5] loss: 0.028
[354,    10] loss: 0.028
[355,     5] loss: 0.027
[355,    10] loss: 0.027
[356,     5] loss: 0.027
[356,    10] loss: 0.027
[357,     5] loss: 0.027
[357,    10] loss: 0.027
[358,     5] loss: 0.028
[358,    10] loss: 0.028
[359,     5] loss: 0.028
[359,    10] loss: 0.028
[360,     5] loss: 0.028
[360,    10] loss: 0.027
[361,     5] loss: 0.027
[361,    10] loss: 0.027
[362,     5] loss: 0.027
[362,    10] loss: 0.027
[363,     5] loss: 0.027
[363,    10] loss: 0.027
[364,     5] loss: 0.028
[364,    10] loss: 0.028
[365,     5] loss: 0.028
[365,    10] loss: 0.028
[366,     5] loss: 0.028
[366,    10] loss: 0.027
[367,     5] loss: 0.027
[367,    10] loss: 0.027
[368,     5] loss: 0.027
[368,    10] loss: 0.027
[369,     5] loss: 0.027
[369,    10] loss: 0.028
[370,     5] loss: 0.028
[370,    10] loss: 0.028
[371,     5] loss: 0.028
[371,    10] loss: 0.027
[372,     5] loss: 0.027
[372,    10] loss: 0.027
[373,     5] loss: 0.027
[373,    10] loss: 0.027
[374,     5] loss: 0.027
[374,    10] loss: 0.027
[375,     5] loss: 0.027
[375,    10] loss: 0.027
[376,     5] loss: 0.028
[376,    10] loss: 0.028
[377,     5] loss: 0.028
[377,    10] loss: 0.027
[378,     5] loss: 0.027
[378,    10] loss: 0.027
[379,     5] loss: 0.027
[379,    10] loss: 0.026
[380,     5] loss: 0.027
[380,    10] loss: 0.027
[381,     5] loss: 0.027
[381,    10] loss: 0.027
[382,     5] loss: 0.028
[382,    10] loss: 0.028
[383,     5] loss: 0.028
[383,    10] loss: 0.027
[384,     5] loss: 0.027
[384,    10] loss: 0.026
[385,     5] loss: 0.026
[385,    10] loss: 0.026
[386,     5] loss: 0.027
[386,    10] loss: 0.027
[387,     5] loss: 0.027
[387,    10] loss: 0.028
[388,     5] loss: 0.028
[388,    10] loss: 0.028
[389,     5] loss: 0.028
[389,    10] loss: 0.027
[390,     5] loss: 0.027
[390,    10] loss: 0.026
[391,     5] loss: 0.026
[391,    10] loss: 0.026
[392,     5] loss: 0.027
[392,    10] loss: 0.027
[393,     5] loss: 0.028
[393,    10] loss: 0.028
[394,     5] loss: 0.028
[394,    10] loss: 0.028
[395,     5] loss: 0.027
[395,    10] loss: 0.026
[396,     5] loss: 0.026
[396,    10] loss: 0.026
[397,     5] loss: 0.026
[397,    10] loss: 0.026
[398,     5] loss: 0.027
[398,    10] loss: 0.027
[399,     5] loss: 0.028
[399,    10] loss: 0.028
[400,     5] loss: 0.028
[400,    10] loss: 0.028
[401,     5] loss: 0.027
[401,    10] loss: 0.026
[402,     5] loss: 0.026
[402,    10] loss: 0.026
[403,     5] loss: 0.026
[403,    10] loss: 0.026
[404,     5] loss: 0.027
[404,    10] loss: 0.027
[405,     5] loss: 0.028
[405,    10] loss: 0.028
[406,     5] loss: 0.028
[406,    10] loss: 0.027
[407,     5] loss: 0.027
[407,    10] loss: 0.026
[408,     5] loss: 0.026
[408,    10] loss: 0.025
[409,     5] loss: 0.026
[409,    10] loss: 0.026
[410,     5] loss: 0.027
[410,    10] loss: 0.028
[411,     5] loss: 0.029
[411,    10] loss: 0.028
[412,     5] loss: 0.027
[412,    10] loss: 0.026
[413,     5] loss: 0.026
[413,    10] loss: 0.025
[414,     5] loss: 0.025
[414,    10] loss: 0.025
[415,     5] loss: 0.026
[415,    10] loss: 0.027
[416,     5] loss: 0.029
[416,    10] loss: 0.029
[417,     5] loss: 0.028
[417,    10] loss: 0.027
[418,     5] loss: 0.026
[418,    10] loss: 0.025
[419,     5] loss: 0.025
[419,    10] loss: 0.025
[420,     5] loss: 0.026
[420,    10] loss: 0.027
[421,     5] loss: 0.028
[421,    10] loss: 0.030
[422,     5] loss: 0.029
[422,    10] loss: 0.027
[423,     5] loss: 0.026
[423,    10] loss: 0.025
[424,     5] loss: 0.025
[424,    10] loss: 0.024
[425,     5] loss: 0.025
[425,    10] loss: 0.025
[426,     5] loss: 0.027
[426,    10] loss: 0.030
[427,     5] loss: 0.031
[427,    10] loss: 0.029
[428,     5] loss: 0.026
[428,    10] loss: 0.025
[429,     5] loss: 0.024
[429,    10] loss: 0.024
[430,     5] loss: 0.024
[430,    10] loss: 0.023
[431,     5] loss: 0.024
[431,    10] loss: 0.025
[432,     5] loss: 0.031
[432,    10] loss: 0.039
[433,     5] loss: 0.031
[433,    10] loss: 0.024
[434,     5] loss: 0.023
[434,    10] loss: 0.023
[435,     5] loss: 0.025
[435,    10] loss: 0.035
[436,     5] loss: 0.040
[436,    10] loss: 0.029
[437,     5] loss: 0.025
[437,    10] loss: 0.025
[438,     5] loss: 0.026
[438,    10] loss: 0.028
[439,     5] loss: 0.030
[439,    10] loss: 0.030
[440,     5] loss: 0.028
[440,    10] loss: 0.027
[441,     5] loss: 0.027
[441,    10] loss: 0.027
[442,     5] loss: 0.027
[442,    10] loss: 0.028
[443,     5] loss: 0.028
[443,    10] loss: 0.028
[444,     5] loss: 0.027
[444,    10] loss: 0.027
[445,     5] loss: 0.027
[445,    10] loss: 0.027
[446,     5] loss: 0.027
[446,    10] loss: 0.027
[447,     5] loss: 0.027
[447,    10] loss: 0.027
[448,     5] loss: 0.027
[448,    10] loss: 0.027
[449,     5] loss: 0.027
[449,    10] loss: 0.027
[450,     5] loss: 0.027
[450,    10] loss: 0.027
[451,     5] loss: 0.027
[451,    10] loss: 0.027
[452,     5] loss: 0.027
[452,    10] loss: 0.027
[453,     5] loss: 0.027
[453,    10] loss: 0.027
[454,     5] loss: 0.027
[454,    10] loss: 0.027
[455,     5] loss: 0.027
[455,    10] loss: 0.027
[456,     5] loss: 0.027
[456,    10] loss: 0.027
[457,     5] loss: 0.027
[457,    10] loss: 0.027
[458,     5] loss: 0.027
[458,    10] loss: 0.027
[459,     5] loss: 0.027
[459,    10] loss: 0.027
[460,     5] loss: 0.027
[460,    10] loss: 0.027
[461,     5] loss: 0.027
[461,    10] loss: 0.027
[462,     5] loss: 0.027
[462,    10] loss: 0.027
[463,     5] loss: 0.027
[463,    10] loss: 0.027
[464,     5] loss: 0.027
[464,    10] loss: 0.027
[465,     5] loss: 0.027
[465,    10] loss: 0.027
[466,     5] loss: 0.027
[466,    10] loss: 0.027
[467,     5] loss: 0.027
[467,    10] loss: 0.027
[468,     5] loss: 0.027
[468,    10] loss: 0.027
[469,     5] loss: 0.027
[469,    10] loss: 0.027
[470,     5] loss: 0.026
[470,    10] loss: 0.027
[471,     5] loss: 0.026
[471,    10] loss: 0.027
[472,     5] loss: 0.027
[472,    10] loss: 0.027
[473,     5] loss: 0.027
[473,    10] loss: 0.027
[474,     5] loss: 0.026
[474,    10] loss: 0.027
[475,     5] loss: 0.026
[475,    10] loss: 0.027
[476,     5] loss: 0.026
[476,    10] loss: 0.026
[477,     5] loss: 0.026
[477,    10] loss: 0.026
[478,     5] loss: 0.026
[478,    10] loss: 0.026
[479,     5] loss: 0.026
[479,    10] loss: 0.026
[480,     5] loss: 0.026
[480,    10] loss: 0.026
[481,     5] loss: 0.026
[481,    10] loss: 0.026
[482,     5] loss: 0.026
[482,    10] loss: 0.026
[483,     5] loss: 0.026
[483,    10] loss: 0.026
[484,     5] loss: 0.026
[484,    10] loss: 0.026
[485,     5] loss: 0.026
[485,    10] loss: 0.026
[486,     5] loss: 0.026
[486,    10] loss: 0.026
[487,     5] loss: 0.026
[487,    10] loss: 0.026
[488,     5] loss: 0.026
[488,    10] loss: 0.026
[489,     5] loss: 0.026
[489,    10] loss: 0.026
[490,     5] loss: 0.026
[490,    10] loss: 0.026
[491,     5] loss: 0.026
[491,    10] loss: 0.026
[492,     5] loss: 0.026
[492,    10] loss: 0.026
[493,     5] loss: 0.026
[493,    10] loss: 0.026
[494,     5] loss: 0.026
[494,    10] loss: 0.026
[495,     5] loss: 0.026
[495,    10] loss: 0.026
[496,     5] loss: 0.026
[496,    10] loss: 0.026
[497,     5] loss: 0.026
[497,    10] loss: 0.026
[498,     5] loss: 0.026
[498,    10] loss: 0.026
[499,     5] loss: 0.026
[499,    10] loss: 0.026
[500,     5] loss: 0.026
[500,    10] loss: 0.026
[501,     5] loss: 0.026
[501,    10] loss: 0.026
[502,     5] loss: 0.026
[502,    10] loss: 0.026
[503,     5] loss: 0.026
[503,    10] loss: 0.026
[504,     5] loss: 0.025
[504,    10] loss: 0.026
[505,     5] loss: 0.026
[505,    10] loss: 0.026
[506,     5] loss: 0.026
[506,    10] loss: 0.026
[507,     5] loss: 0.026
[507,    10] loss: 0.026
[508,     5] loss: 0.026
[508,    10] loss: 0.026
[509,     5] loss: 0.026
[509,    10] loss: 0.026
[510,     5] loss: 0.026
[510,    10] loss: 0.026
[511,     5] loss: 0.026
[511,    10] loss: 0.026
[512,     5] loss: 0.026
[512,    10] loss: 0.026
[513,     5] loss: 0.026
[513,    10] loss: 0.026
[514,     5] loss: 0.026
[514,    10] loss: 0.026
[515,     5] loss: 0.026
[515,    10] loss: 0.026
[516,     5] loss: 0.026
[516,    10] loss: 0.026
[517,     5] loss: 0.026
[517,    10] loss: 0.026
[518,     5] loss: 0.026
[518,    10] loss: 0.026
[519,     5] loss: 0.026
[519,    10] loss: 0.026
[520,     5] loss: 0.026
[520,    10] loss: 0.026
[521,     5] loss: 0.026
[521,    10] loss: 0.026
[522,     5] loss: 0.026
[522,    10] loss: 0.026
[523,     5] loss: 0.026
[523,    10] loss: 0.026
[524,     5] loss: 0.026
[524,    10] loss: 0.026
[525,     5] loss: 0.026
[525,    10] loss: 0.026
[526,     5] loss: 0.026
[526,    10] loss: 0.026
[527,     5] loss: 0.026
[527,    10] loss: 0.026
[528,     5] loss: 0.026
[528,    10] loss: 0.026
[529,     5] loss: 0.026
[529,    10] loss: 0.026
[530,     5] loss: 0.026
[530,    10] loss: 0.026
[531,     5] loss: 0.026
[531,    10] loss: 0.026
[532,     5] loss: 0.026
[532,    10] loss: 0.026
[533,     5] loss: 0.026
[533,    10] loss: 0.026
[534,     5] loss: 0.026
[534,    10] loss: 0.026
[535,     5] loss: 0.026
[535,    10] loss: 0.026
[536,     5] loss: 0.026
[536,    10] loss: 0.026
[537,     5] loss: 0.026
[537,    10] loss: 0.026
[538,     5] loss: 0.026
[538,    10] loss: 0.026
[539,     5] loss: 0.026
[539,    10] loss: 0.026
[540,     5] loss: 0.026
[540,    10] loss: 0.026
[541,     5] loss: 0.026
[541,    10] loss: 0.026
[542,     5] loss: 0.026
[542,    10] loss: 0.026
[543,     5] loss: 0.026
[543,    10] loss: 0.026
[544,     5] loss: 0.026
[544,    10] loss: 0.026
[545,     5] loss: 0.026
[545,    10] loss: 0.026
[546,     5] loss: 0.026
[546,    10] loss: 0.026
[547,     5] loss: 0.026
[547,    10] loss: 0.026
[548,     5] loss: 0.026
[548,    10] loss: 0.026
[549,     5] loss: 0.026
[549,    10] loss: 0.026
[550,     5] loss: 0.026
[550,    10] loss: 0.026
[551,     5] loss: 0.026
[551,    10] loss: 0.026
[552,     5] loss: 0.026
[552,    10] loss: 0.026
[553,     5] loss: 0.026
[553,    10] loss: 0.026
[554,     5] loss: 0.026
[554,    10] loss: 0.026
[555,     5] loss: 0.026
[555,    10] loss: 0.026
[556,     5] loss: 0.026
[556,    10] loss: 0.026
[557,     5] loss: 0.026
[557,    10] loss: 0.026
[558,     5] loss: 0.026
[558,    10] loss: 0.026
[559,     5] loss: 0.026
[559,    10] loss: 0.026
[560,     5] loss: 0.026
[560,    10] loss: 0.026
[561,     5] loss: 0.026
[561,    10] loss: 0.026
[562,     5] loss: 0.026
[562,    10] loss: 0.026
[563,     5] loss: 0.026
[563,    10] loss: 0.026
[564,     5] loss: 0.026
[564,    10] loss: 0.026
[565,     5] loss: 0.026
[565,    10] loss: 0.026
[566,     5] loss: 0.026
[566,    10] loss: 0.026
[567,     5] loss: 0.026
[567,    10] loss: 0.026
[568,     5] loss: 0.026
[568,    10] loss: 0.026
[569,     5] loss: 0.026
[569,    10] loss: 0.026
[570,     5] loss: 0.026
[570,    10] loss: 0.026
[571,     5] loss: 0.026
[571,    10] loss: 0.026
[572,     5] loss: 0.026
[572,    10] loss: 0.026
[573,     5] loss: 0.026
[573,    10] loss: 0.026
[574,     5] loss: 0.026
[574,    10] loss: 0.026
[575,     5] loss: 0.025
[575,    10] loss: 0.026
[576,     5] loss: 0.025
[576,    10] loss: 0.026
[577,     5] loss: 0.026
[577,    10] loss: 0.026
[578,     5] loss: 0.026
[578,    10] loss: 0.026
[579,     5] loss: 0.026
[579,    10] loss: 0.026
[580,     5] loss: 0.026
[580,    10] loss: 0.026
[581,     5] loss: 0.025
[581,    10] loss: 0.025
[582,     5] loss: 0.025
[582,    10] loss: 0.025
[583,     5] loss: 0.025
[583,    10] loss: 0.026
[584,     5] loss: 0.026
[584,    10] loss: 0.026
[585,     5] loss: 0.026
[585,    10] loss: 0.026
[586,     5] loss: 0.025
[586,    10] loss: 0.026
[587,     5] loss: 0.025
[587,    10] loss: 0.025
[588,     5] loss: 0.025
[588,    10] loss: 0.026
[589,     5] loss: 0.025
[589,    10] loss: 0.026
[590,     5] loss: 0.026
[590,    10] loss: 0.026
[591,     5] loss: 0.026
[591,    10] loss: 0.026
[592,     5] loss: 0.025
[592,    10] loss: 0.026
[593,     5] loss: 0.025
[593,    10] loss: 0.026
[594,     5] loss: 0.025
[594,    10] loss: 0.025
[595,     5] loss: 0.025
[595,    10] loss: 0.026
[596,     5] loss: 0.026
[596,    10] loss: 0.026
[597,     5] loss: 0.025
[597,    10] loss: 0.025
[598,     5] loss: 0.025
[598,    10] loss: 0.026
[599,     5] loss: 0.025
[599,    10] loss: 0.025
[600,     5] loss: 0.025
[600,    10] loss: 0.026
[601,     5] loss: 0.025
[601,    10] loss: 0.026
[602,     5] loss: 0.025
[602,    10] loss: 0.026
[603,     5] loss: 0.025
[603,    10] loss: 0.025
[604,     5] loss: 0.025
[604,    10] loss: 0.025
[605,     5] loss: 0.025
[605,    10] loss: 0.025
[606,     5] loss: 0.025
[606,    10] loss: 0.025
[607,     5] loss: 0.025
[607,    10] loss: 0.026
[608,     5] loss: 0.025
[608,    10] loss: 0.026
[609,     5] loss: 0.025
[609,    10] loss: 0.025
[610,     5] loss: 0.025
[610,    10] loss: 0.025
[611,     5] loss: 0.025
[611,    10] loss: 0.025
[612,     5] loss: 0.025
[612,    10] loss: 0.025
[613,     5] loss: 0.025
[613,    10] loss: 0.025
[614,     5] loss: 0.025
[614,    10] loss: 0.026
[615,     5] loss: 0.025
[615,    10] loss: 0.025
[616,     5] loss: 0.025
[616,    10] loss: 0.025
[617,     5] loss: 0.025
[617,    10] loss: 0.025
[618,     5] loss: 0.025
[618,    10] loss: 0.025
[619,     5] loss: 0.025
[619,    10] loss: 0.025
[620,     5] loss: 0.025
[620,    10] loss: 0.026
[621,     5] loss: 0.025
[621,    10] loss: 0.025
[622,     5] loss: 0.025
[622,    10] loss: 0.025
[623,     5] loss: 0.025
[623,    10] loss: 0.025
[624,     5] loss: 0.025
[624,    10] loss: 0.025
[625,     5] loss: 0.025
[625,    10] loss: 0.025
[626,     5] loss: 0.025
[626,    10] loss: 0.026
[627,     5] loss: 0.025
[627,    10] loss: 0.025
[628,     5] loss: 0.025
[628,    10] loss: 0.025
[629,     5] loss: 0.025
[629,    10] loss: 0.025
[630,     5] loss: 0.025
[630,    10] loss: 0.025
[631,     5] loss: 0.025
[631,    10] loss: 0.025
[632,     5] loss: 0.025
[632,    10] loss: 0.025
[633,     5] loss: 0.025
[633,    10] loss: 0.025
[634,     5] loss: 0.025
[634,    10] loss: 0.025
[635,     5] loss: 0.025
[635,    10] loss: 0.025
[636,     5] loss: 0.025
[636,    10] loss: 0.025
[637,     5] loss: 0.025
[637,    10] loss: 0.025
[638,     5] loss: 0.025
[638,    10] loss: 0.025
[639,     5] loss: 0.025
[639,    10] loss: 0.025
[640,     5] loss: 0.025
[640,    10] loss: 0.025
[641,     5] loss: 0.025
[641,    10] loss: 0.025
[642,     5] loss: 0.025
[642,    10] loss: 0.025
[643,     5] loss: 0.025
[643,    10] loss: 0.025
[644,     5] loss: 0.025
[644,    10] loss: 0.025
[645,     5] loss: 0.025
[645,    10] loss: 0.025
[646,     5] loss: 0.025
[646,    10] loss: 0.025
[647,     5] loss: 0.025
[647,    10] loss: 0.025
[648,     5] loss: 0.025
[648,    10] loss: 0.025
[649,     5] loss: 0.025
[649,    10] loss: 0.025
[650,     5] loss: 0.025
[650,    10] loss: 0.025
[651,     5] loss: 0.025
[651,    10] loss: 0.025
[652,     5] loss: 0.025
[652,    10] loss: 0.026
[653,     5] loss: 0.025
[653,    10] loss: 0.026
[654,     5] loss: 0.025
[654,    10] loss: 0.025
[655,     5] loss: 0.025
[655,    10] loss: 0.025
[656,     5] loss: 0.025
[656,    10] loss: 0.025
[657,     5] loss: 0.025
[657,    10] loss: 0.025
[658,     5] loss: 0.025
[658,    10] loss: 0.025
[659,     5] loss: 0.025
[659,    10] loss: 0.025
[660,     5] loss: 0.025
[660,    10] loss: 0.025
[661,     5] loss: 0.025
[661,    10] loss: 0.025
[662,     5] loss: 0.025
[662,    10] loss: 0.025
[663,     5] loss: 0.025
[663,    10] loss: 0.025
[664,     5] loss: 0.025
[664,    10] loss: 0.025
[665,     5] loss: 0.025
[665,    10] loss: 0.025
[666,     5] loss: 0.025
[666,    10] loss: 0.025
[667,     5] loss: 0.025
[667,    10] loss: 0.025
[668,     5] loss: 0.025
[668,    10] loss: 0.025
[669,     5] loss: 0.025
[669,    10] loss: 0.025
[670,     5] loss: 0.025
[670,    10] loss: 0.025
[671,     5] loss: 0.025
[671,    10] loss: 0.025
[672,     5] loss: 0.025
[672,    10] loss: 0.025
[673,     5] loss: 0.025
[673,    10] loss: 0.025
[674,     5] loss: 0.025
[674,    10] loss: 0.025
[675,     5] loss: 0.025
[675,    10] loss: 0.025
[676,     5] loss: 0.025
[676,    10] loss: 0.025
[677,     5] loss: 0.025
[677,    10] loss: 0.025
[678,     5] loss: 0.025
[678,    10] loss: 0.025
[679,     5] loss: 0.025
[679,    10] loss: 0.025
[680,     5] loss: 0.025
[680,    10] loss: 0.025
[681,     5] loss: 0.025
[681,    10] loss: 0.025
[682,     5] loss: 0.025
[682,    10] loss: 0.025
[683,     5] loss: 0.025
[683,    10] loss: 0.025
[684,     5] loss: 0.025
[684,    10] loss: 0.025
[685,     5] loss: 0.025
[685,    10] loss: 0.025
[686,     5] loss: 0.025
[686,    10] loss: 0.025
[687,     5] loss: 0.024
[687,    10] loss: 0.025
[688,     5] loss: 0.025
[688,    10] loss: 0.025
[689,     5] loss: 0.025
[689,    10] loss: 0.025
[690,     5] loss: 0.025
[690,    10] loss: 0.025
[691,     5] loss: 0.025
[691,    10] loss: 0.025
[692,     5] loss: 0.025
[692,    10] loss: 0.025
[693,     5] loss: 0.024
[693,    10] loss: 0.025
[694,     5] loss: 0.025
[694,    10] loss: 0.025
[695,     5] loss: 0.025
[695,    10] loss: 0.025
[696,     5] loss: 0.025
[696,    10] loss: 0.025
[697,     5] loss: 0.025
[697,    10] loss: 0.025
[698,     5] loss: 0.025
[698,    10] loss: 0.025
[699,     5] loss: 0.024
[699,    10] loss: 0.025
[700,     5] loss: 0.025
[700,    10] loss: 0.025
[701,     5] loss: 0.025
[701,    10] loss: 0.025
[702,     5] loss: 0.025
[702,    10] loss: 0.025
[703,     5] loss: 0.025
[703,    10] loss: 0.025
[704,     5] loss: 0.025
[704,    10] loss: 0.025
[705,     5] loss: 0.025
[705,    10] loss: 0.025
[706,     5] loss: 0.025
[706,    10] loss: 0.025
[707,     5] loss: 0.025
[707,    10] loss: 0.025
[708,     5] loss: 0.025
[708,    10] loss: 0.025
[709,     5] loss: 0.025
[709,    10] loss: 0.025
[710,     5] loss: 0.025
[710,    10] loss: 0.025
[711,     5] loss: 0.024
[711,    10] loss: 0.025
[712,     5] loss: 0.024
[712,    10] loss: 0.025
[713,     5] loss: 0.025
[713,    10] loss: 0.025
[714,     5] loss: 0.025
[714,    10] loss: 0.025
[715,     5] loss: 0.025
[715,    10] loss: 0.025
[716,     5] loss: 0.025
[716,    10] loss: 0.025
[717,     5] loss: 0.025
[717,    10] loss: 0.025
[718,     5] loss: 0.024
[718,    10] loss: 0.025
[719,     5] loss: 0.025
[719,    10] loss: 0.025
[720,     5] loss: 0.025
[720,    10] loss: 0.025
[721,     5] loss: 0.025
[721,    10] loss: 0.025
[722,     5] loss: 0.025
[722,    10] loss: 0.025
[723,     5] loss: 0.024
[723,    10] loss: 0.025
[724,     5] loss: 0.024
[724,    10] loss: 0.025
[725,     5] loss: 0.025
[725,    10] loss: 0.025
[726,     5] loss: 0.025
[726,    10] loss: 0.025
[727,     5] loss: 0.025
[727,    10] loss: 0.025
[728,     5] loss: 0.025
[728,    10] loss: 0.025
[729,     5] loss: 0.024
[729,    10] loss: 0.025
[730,     5] loss: 0.024
[730,    10] loss: 0.025
[731,     5] loss: 0.024
[731,    10] loss: 0.025
[732,     5] loss: 0.025
[732,    10] loss: 0.025
[733,     5] loss: 0.025
[733,    10] loss: 0.025
[734,     5] loss: 0.025
[734,    10] loss: 0.025
[735,     5] loss: 0.024
[735,    10] loss: 0.024
[736,     5] loss: 0.024
[736,    10] loss: 0.024
[737,     5] loss: 0.024
[737,    10] loss: 0.025
[738,     5] loss: 0.025
[738,    10] loss: 0.025
[739,     5] loss: 0.025
[739,    10] loss: 0.025
[740,     5] loss: 0.025
[740,    10] loss: 0.025
[741,     5] loss: 0.025
[741,    10] loss: 0.025
[742,     5] loss: 0.024
[742,    10] loss: 0.024
[743,     5] loss: 0.024
[743,    10] loss: 0.025
[744,     5] loss: 0.025
[744,    10] loss: 0.025
[745,     5] loss: 0.025
[745,    10] loss: 0.025
[746,     5] loss: 0.025
[746,    10] loss: 0.025
[747,     5] loss: 0.025
[747,    10] loss: 0.025
[748,     5] loss: 0.024
[748,    10] loss: 0.024
[749,     5] loss: 0.024
[749,    10] loss: 0.024
[750,     5] loss: 0.025
[750,    10] loss: 0.025
[751,     5] loss: 0.025
[751,    10] loss: 0.025
[752,     5] loss: 0.025
[752,    10] loss: 0.025
[753,     5] loss: 0.025
[753,    10] loss: 0.025
[754,     5] loss: 0.024
[754,    10] loss: 0.024
[755,     5] loss: 0.024
[755,    10] loss: 0.024
[756,     5] loss: 0.024
[756,    10] loss: 0.025
[757,     5] loss: 0.025
[757,    10] loss: 0.025
[758,     5] loss: 0.025
[758,    10] loss: 0.025
[759,     5] loss: 0.025
[759,    10] loss: 0.025
[760,     5] loss: 0.024
[760,    10] loss: 0.024
[761,     5] loss: 0.024
[761,    10] loss: 0.024
[762,     5] loss: 0.024
[762,    10] loss: 0.025
[763,     5] loss: 0.025
[763,    10] loss: 0.025
[764,     5] loss: 0.025
[764,    10] loss: 0.025
[765,     5] loss: 0.025
[765,    10] loss: 0.025
[766,     5] loss: 0.024
[766,    10] loss: 0.024
[767,     5] loss: 0.024
[767,    10] loss: 0.024
[768,     5] loss: 0.024
[768,    10] loss: 0.024
[769,     5] loss: 0.025
[769,    10] loss: 0.025
[770,     5] loss: 0.025
[770,    10] loss: 0.025
[771,     5] loss: 0.025
[771,    10] loss: 0.025
[772,     5] loss: 0.024
[772,    10] loss: 0.024
[773,     5] loss: 0.024
[773,    10] loss: 0.024
[774,     5] loss: 0.024
[774,    10] loss: 0.024
[775,     5] loss: 0.024
[775,    10] loss: 0.025
[776,     5] loss: 0.025
[776,    10] loss: 0.025
[777,     5] loss: 0.025
[777,    10] loss: 0.025
[778,     5] loss: 0.024
[778,    10] loss: 0.024
[779,     5] loss: 0.024
[779,    10] loss: 0.024
[780,     5] loss: 0.024
[780,    10] loss: 0.024
[781,     5] loss: 0.024
[781,    10] loss: 0.025
[782,     5] loss: 0.025
[782,    10] loss: 0.025
[783,     5] loss: 0.025
[783,    10] loss: 0.025
[784,     5] loss: 0.025
[784,    10] loss: 0.024
[785,     5] loss: 0.024
[785,    10] loss: 0.024
[786,     5] loss: 0.024
[786,    10] loss: 0.024
[787,     5] loss: 0.024
[787,    10] loss: 0.025
[788,     5] loss: 0.025
[788,    10] loss: 0.025
[789,     5] loss: 0.025
[789,    10] loss: 0.025
[790,     5] loss: 0.025
[790,    10] loss: 0.024
[791,     5] loss: 0.024
[791,    10] loss: 0.024
[792,     5] loss: 0.024
[792,    10] loss: 0.024
[793,     5] loss: 0.024
[793,    10] loss: 0.025
[794,     5] loss: 0.025
[794,    10] loss: 0.025
[795,     5] loss: 0.025
[795,    10] loss: 0.025
[796,     5] loss: 0.025
[796,    10] loss: 0.025
[797,     5] loss: 0.024
[797,    10] loss: 0.024
[798,     5] loss: 0.024
[798,    10] loss: 0.024
[799,     5] loss: 0.024
[799,    10] loss: 0.024
[800,     5] loss: 0.024
[800,    10] loss: 0.025
[801,     5] loss: 0.025
[801,    10] loss: 0.025
[802,     5] loss: 0.025
[802,    10] loss: 0.025
[803,     5] loss: 0.024
[803,    10] loss: 0.024
[804,     5] loss: 0.024
[804,    10] loss: 0.024
[805,     5] loss: 0.024
[805,    10] loss: 0.024
[806,     5] loss: 0.024
[806,    10] loss: 0.025
[807,     5] loss: 0.025
[807,    10] loss: 0.025
[808,     5] loss: 0.025
[808,    10] loss: 0.025
[809,     5] loss: 0.024
[809,    10] loss: 0.024
[810,     5] loss: 0.024
[810,    10] loss: 0.024
[811,     5] loss: 0.024
[811,    10] loss: 0.024
[812,     5] loss: 0.024
[812,    10] loss: 0.025
[813,     5] loss: 0.025
[813,    10] loss: 0.025
[814,     5] loss: 0.025
[814,    10] loss: 0.025
[815,     5] loss: 0.024
[815,    10] loss: 0.024
[816,     5] loss: 0.024
[816,    10] loss: 0.024
[817,     5] loss: 0.024
[817,    10] loss: 0.024
[818,     5] loss: 0.024
[818,    10] loss: 0.025
[819,     5] loss: 0.025
[819,    10] loss: 0.025
[820,     5] loss: 0.025
[820,    10] loss: 0.025
[821,     5] loss: 0.024
[821,    10] loss: 0.024
[822,     5] loss: 0.024
[822,    10] loss: 0.024
[823,     5] loss: 0.023
[823,    10] loss: 0.024
[824,     5] loss: 0.024
[824,    10] loss: 0.025
[825,     5] loss: 0.025
[825,    10] loss: 0.025
[826,     5] loss: 0.025
[826,    10] loss: 0.025
[827,     5] loss: 0.024
[827,    10] loss: 0.024
[828,     5] loss: 0.024
[828,    10] loss: 0.024
[829,     5] loss: 0.023
[829,    10] loss: 0.024
[830,     5] loss: 0.024
[830,    10] loss: 0.025
[831,     5] loss: 0.025
[831,    10] loss: 0.025
[832,     5] loss: 0.025
[832,    10] loss: 0.025
[833,     5] loss: 0.024
[833,    10] loss: 0.024
[834,     5] loss: 0.024
[834,    10] loss: 0.024
[835,     5] loss: 0.023
[835,    10] loss: 0.024
[836,     5] loss: 0.024
[836,    10] loss: 0.025
[837,     5] loss: 0.025
[837,    10] loss: 0.025
[838,     5] loss: 0.025
[838,    10] loss: 0.025
[839,     5] loss: 0.024
[839,    10] loss: 0.024
[840,     5] loss: 0.024
[840,    10] loss: 0.023
[841,     5] loss: 0.023
[841,    10] loss: 0.024
[842,     5] loss: 0.024
[842,    10] loss: 0.025
[843,     5] loss: 0.025
[843,    10] loss: 0.026
[844,     5] loss: 0.025
[844,    10] loss: 0.025
[845,     5] loss: 0.024
[845,    10] loss: 0.024
[846,     5] loss: 0.023
[846,    10] loss: 0.023
[847,     5] loss: 0.023
[847,    10] loss: 0.024
[848,     5] loss: 0.024
[848,    10] loss: 0.025
[849,     5] loss: 0.025
[849,    10] loss: 0.025
[850,     5] loss: 0.025
[850,    10] loss: 0.025
[851,     5] loss: 0.024
[851,    10] loss: 0.024
[852,     5] loss: 0.023
[852,    10] loss: 0.023
[853,     5] loss: 0.023
[853,    10] loss: 0.024
[854,     5] loss: 0.024
[854,    10] loss: 0.025
[855,     5] loss: 0.025
[855,    10] loss: 0.026
[856,     5] loss: 0.025
[856,    10] loss: 0.024
[857,     5] loss: 0.024
[857,    10] loss: 0.024
[858,     5] loss: 0.023
[858,    10] loss: 0.023
[859,     5] loss: 0.023
[859,    10] loss: 0.024
[860,     5] loss: 0.024
[860,    10] loss: 0.025
[861,     5] loss: 0.025
[861,    10] loss: 0.025
[862,     5] loss: 0.025
[862,    10] loss: 0.024
[863,     5] loss: 0.024
[863,    10] loss: 0.023
[864,     5] loss: 0.023
[864,    10] loss: 0.023
[865,     5] loss: 0.024
[865,    10] loss: 0.024
[866,     5] loss: 0.025
[866,    10] loss: 0.025
[867,     5] loss: 0.025
[867,    10] loss: 0.025
[868,     5] loss: 0.024
[868,    10] loss: 0.024
[869,     5] loss: 0.023
[869,    10] loss: 0.023
[870,     5] loss: 0.023
[870,    10] loss: 0.024
[871,     5] loss: 0.024
[871,    10] loss: 0.025
[872,     5] loss: 0.025
[872,    10] loss: 0.025
[873,     5] loss: 0.025
[873,    10] loss: 0.025
[874,     5] loss: 0.024
[874,    10] loss: 0.024
[875,     5] loss: 0.023
[875,    10] loss: 0.023
[876,     5] loss: 0.023
[876,    10] loss: 0.024
[877,     5] loss: 0.024
[877,    10] loss: 0.025
[878,     5] loss: 0.025
[878,    10] loss: 0.025
[879,     5] loss: 0.025
[879,    10] loss: 0.025
[880,     5] loss: 0.024
[880,    10] loss: 0.024
[881,     5] loss: 0.023
[881,    10] loss: 0.023
[882,     5] loss: 0.023
[882,    10] loss: 0.024
[883,     5] loss: 0.024
[883,    10] loss: 0.025
[884,     5] loss: 0.025
[884,    10] loss: 0.026
[885,     5] loss: 0.025
[885,    10] loss: 0.024
[886,     5] loss: 0.024
[886,    10] loss: 0.023
[887,     5] loss: 0.023
[887,    10] loss: 0.023
[888,     5] loss: 0.023
[888,    10] loss: 0.024
[889,     5] loss: 0.024
[889,    10] loss: 0.025
[890,     5] loss: 0.025
[890,    10] loss: 0.025
[891,     5] loss: 0.025
[891,    10] loss: 0.024
[892,     5] loss: 0.024
[892,    10] loss: 0.023
[893,     5] loss: 0.023
[893,    10] loss: 0.023
[894,     5] loss: 0.023
[894,    10] loss: 0.024
[895,     5] loss: 0.024
[895,    10] loss: 0.025
[896,     5] loss: 0.025
[896,    10] loss: 0.025
[897,     5] loss: 0.025
[897,    10] loss: 0.024
[898,     5] loss: 0.023
[898,    10] loss: 0.023
[899,     5] loss: 0.023
[899,    10] loss: 0.023
[900,     5] loss: 0.023
[900,    10] loss: 0.024
[901,     5] loss: 0.024
[901,    10] loss: 0.025
[902,     5] loss: 0.025
[902,    10] loss: 0.025
[903,     5] loss: 0.024
[903,    10] loss: 0.024
[904,     5] loss: 0.023
[904,    10] loss: 0.023
[905,     5] loss: 0.023
[905,    10] loss: 0.023
[906,     5] loss: 0.023
[906,    10] loss: 0.024
[907,     5] loss: 0.025
[907,    10] loss: 0.025
[908,     5] loss: 0.025
[908,    10] loss: 0.025
[909,     5] loss: 0.024
[909,    10] loss: 0.024
[910,     5] loss: 0.023
[910,    10] loss: 0.023
[911,     5] loss: 0.023
[911,    10] loss: 0.023
[912,     5] loss: 0.023
[912,    10] loss: 0.024
[913,     5] loss: 0.025
[913,    10] loss: 0.025
[914,     5] loss: 0.025
[914,    10] loss: 0.025
[915,     5] loss: 0.024
[915,    10] loss: 0.024
[916,     5] loss: 0.023
[916,    10] loss: 0.023
[917,     5] loss: 0.023
[917,    10] loss: 0.023
[918,     5] loss: 0.024
[918,    10] loss: 0.024
[919,     5] loss: 0.025
[919,    10] loss: 0.026
[920,     5] loss: 0.025
[920,    10] loss: 0.025
[921,     5] loss: 0.024
[921,    10] loss: 0.023
[922,     5] loss: 0.023
[922,    10] loss: 0.023
[923,     5] loss: 0.023
[923,    10] loss: 0.023
[924,     5] loss: 0.024
[924,    10] loss: 0.025
[925,     5] loss: 0.025
[925,    10] loss: 0.026
[926,     5] loss: 0.025
[926,    10] loss: 0.024
[927,     5] loss: 0.024
[927,    10] loss: 0.023
[928,     5] loss: 0.023
[928,    10] loss: 0.023
[929,     5] loss: 0.023
[929,    10] loss: 0.023
[930,     5] loss: 0.024
[930,    10] loss: 0.025
[931,     5] loss: 0.025
[931,    10] loss: 0.026
[932,     5] loss: 0.025
[932,    10] loss: 0.024
[933,     5] loss: 0.023
[933,    10] loss: 0.023
[934,     5] loss: 0.023
[934,    10] loss: 0.023
[935,     5] loss: 0.023
[935,    10] loss: 0.024
[936,     5] loss: 0.024
[936,    10] loss: 0.026
[937,     5] loss: 0.026
[937,    10] loss: 0.025
[938,     5] loss: 0.024
[938,    10] loss: 0.024
[939,     5] loss: 0.023
[939,    10] loss: 0.023
[940,     5] loss: 0.022
[940,    10] loss: 0.023
[941,     5] loss: 0.023
[941,    10] loss: 0.024
[942,     5] loss: 0.025
[942,    10] loss: 0.026
[943,     5] loss: 0.026
[943,    10] loss: 0.025
[944,     5] loss: 0.024
[944,    10] loss: 0.023
[945,     5] loss: 0.023
[945,    10] loss: 0.023
[946,     5] loss: 0.023
[946,    10] loss: 0.023
[947,     5] loss: 0.024
[947,    10] loss: 0.025
[948,     5] loss: 0.026
[948,    10] loss: 0.026
[949,     5] loss: 0.025
[949,    10] loss: 0.024
[950,     5] loss: 0.023
[950,    10] loss: 0.023
[951,     5] loss: 0.023
[951,    10] loss: 0.023
[952,     5] loss: 0.023
[952,    10] loss: 0.024
[953,     5] loss: 0.024
[953,    10] loss: 0.026
[954,     5] loss: 0.026
[954,    10] loss: 0.025
[955,     5] loss: 0.024
[955,    10] loss: 0.024
[956,     5] loss: 0.023
[956,    10] loss: 0.023
[957,     5] loss: 0.022
[957,    10] loss: 0.023
[958,     5] loss: 0.023
[958,    10] loss: 0.024
[959,     5] loss: 0.025
[959,    10] loss: 0.026
[960,     5] loss: 0.025
[960,    10] loss: 0.025
[961,     5] loss: 0.023
[961,    10] loss: 0.023
[962,     5] loss: 0.022
[962,    10] loss: 0.022
[963,     5] loss: 0.023
[963,    10] loss: 0.023
[964,     5] loss: 0.024
[964,    10] loss: 0.025
[965,     5] loss: 0.026
[965,    10] loss: 0.026
[966,     5] loss: 0.025
[966,    10] loss: 0.024
[967,     5] loss: 0.023
[967,    10] loss: 0.023
[968,     5] loss: 0.022
[968,    10] loss: 0.023
[969,     5] loss: 0.023
[969,    10] loss: 0.024
[970,     5] loss: 0.024
[970,    10] loss: 0.026
[971,     5] loss: 0.026
[971,    10] loss: 0.025
[972,     5] loss: 0.024
[972,    10] loss: 0.023
[973,     5] loss: 0.023
[973,    10] loss: 0.023
[974,     5] loss: 0.022
[974,    10] loss: 0.023
[975,     5] loss: 0.023
[975,    10] loss: 0.024
[976,     5] loss: 0.025
[976,    10] loss: 0.026
[977,     5] loss: 0.025
[977,    10] loss: 0.025
[978,     5] loss: 0.023
[978,    10] loss: 0.023
[979,     5] loss: 0.022
[979,    10] loss: 0.022
[980,     5] loss: 0.023
[980,    10] loss: 0.023
[981,     5] loss: 0.024
[981,    10] loss: 0.025
[982,     5] loss: 0.025
[982,    10] loss: 0.026
[983,     5] loss: 0.025
[983,    10] loss: 0.024
[984,     5] loss: 0.023
[984,    10] loss: 0.023
[985,     5] loss: 0.022
[985,    10] loss: 0.022
[986,     5] loss: 0.023
[986,    10] loss: 0.024
[987,     5] loss: 0.024
[987,    10] loss: 0.025
[988,     5] loss: 0.026
[988,    10] loss: 0.025
[989,     5] loss: 0.024
[989,    10] loss: 0.024
[990,     5] loss: 0.023
[990,    10] loss: 0.022
[991,     5] loss: 0.022
[991,    10] loss: 0.023
[992,     5] loss: 0.023
[992,    10] loss: 0.024
[993,     5] loss: 0.025
[993,    10] loss: 0.026
[994,     5] loss: 0.025
[994,    10] loss: 0.025
[995,     5] loss: 0.024
[995,    10] loss: 0.023
[996,     5] loss: 0.023
[996,    10] loss: 0.022
[997,     5] loss: 0.022
[997,    10] loss: 0.023
[998,     5] loss: 0.023
[998,    10] loss: 0.025
[999,     5] loss: 0.025
[999,    10] loss: 0.026
[1000,     5] loss: 0.025
[1000,    10] loss: 0.024
Finished Training
